<?xml version="1.0" encoding="UTF-8"?>
<robot generator="Robot 3.1.2 (Python 3.8.1 on win32)" generated="20200305 11:10:49.940" rpa="false">
<suite id="s1" name="Sampleapp Sanity" source="C:\developement\robot-scripts\demo\tests\sampleapp_sanity.robot">
<test id="s1-t1" name="User launches browser">
<kw name="Open Browser" library="SeleniumLibrary">
<doc>Opens a new browser instance to the given ``url``.</doc>
<arguments>
<arg>https://enigmatic-inlet-91460.herokuapp.com/</arg>
<arg>chrome</arg>
</arguments>
<msg timestamp="20200305 11:10:50.258" level="INFO">Opening browser 'chrome' to base url 'https://enigmatic-inlet-91460.herokuapp.com/'.</msg>
<status status="PASS" starttime="20200305 11:10:50.257" endtime="20200305 11:10:56.702"></status>
</kw>
<kw name="Sleep" library="BuiltIn">
<doc>Pauses the test executed for the given time.</doc>
<arguments>
<arg>5s</arg>
</arguments>
<msg timestamp="20200305 11:11:01.704" level="INFO">Slept 5 seconds</msg>
<status status="PASS" starttime="20200305 11:10:56.703" endtime="20200305 11:11:01.704"></status>
</kw>
<kw name="Wait Until Page Contains" library="SeleniumLibrary">
<doc>Waits until ``text`` appears on current page.</doc>
<arguments>
<arg>Welcome to the Sample App</arg>
</arguments>
<status status="PASS" starttime="20200305 11:11:01.706" endtime="20200305 11:11:01.753"></status>
</kw>
<kw name="Sleep" library="BuiltIn">
<doc>Pauses the test executed for the given time.</doc>
<arguments>
<arg>2s</arg>
</arguments>
<msg timestamp="20200305 11:11:03.755" level="INFO">Slept 2 seconds</msg>
<status status="PASS" starttime="20200305 11:11:01.754" endtime="20200305 11:11:03.755"></status>
</kw>
<kw name="Close Browser" library="SeleniumLibrary">
<doc>Closes the current browser.</doc>
<status status="PASS" starttime="20200305 11:11:03.757" endtime="20200305 11:11:06.075"></status>
</kw>
<doc>To sanity check Sample App website</doc>
<status status="PASS" starttime="20200305 11:10:50.256" endtime="20200305 11:11:06.076" critical="yes"></status>
</test>
<status status="PASS" starttime="20200305 11:10:49.943" endtime="20200305 11:11:06.087"></status>
</suite>
<statistics>
<total>
<stat pass="1" fail="0">Critical Tests</stat>
<stat pass="1" fail="0">All Tests</stat>
</total>
<tag>
</tag>
<suite>
<stat pass="1" fail="0" id="s1" name="Sampleapp Sanity">Sampleapp Sanity</stat>
</suite>
</statistics>
<errors>
</errors>
</robot>
